2024-05-05 22:00:24,467 - INFO - Clicking on accept Cookies button
2024-05-05 22:00:25,468 - INFO - Clicking on Searching button
2024-05-05 22:00:27,226 - INFO - Clicking on Data Range button
2024-05-05 22:00:27,392 - INFO - Clicking on Specific Dates button
2024-05-05 22:00:27,740 - INFO - Click [ENTER]
2024-05-05 22:00:32,256 - INFO - The element show more was not found.
2024-05-05 22:00:33,038 - INFO - The element show more was not found.
2024-05-05 22:00:34,151 - INFO - The element show more was not found.
2024-05-05 22:00:34,996 - INFO - The element show more was not found.
2024-05-05 22:00:35,838 - INFO - The element show more was not found.
2024-05-05 22:00:36,584 - INFO - The element show more was not found.
2024-05-05 22:00:37,370 - INFO - The element show more was not found.
2024-05-05 22:00:38,105 - INFO - The element show more was not found.
2024-05-05 22:00:38,820 - INFO - The element show more was not found.
2024-05-05 22:00:39,554 - INFO - The element show more was not found.
2024-05-05 22:00:40,249 - INFO - The element show more was not found.
2024-05-05 22:00:40,985 - INFO - The element show more was not found.
2024-05-05 22:00:41,702 - INFO - The element show more was not found.
2024-05-05 22:00:42,407 - INFO - The element show more was not found.
2024-05-05 22:00:43,075 - INFO - The element show more was not found.
2024-05-05 22:00:43,825 - INFO - The element show more was not found.
2024-05-05 22:00:44,453 - INFO - The element show more was not found.
2024-05-05 22:00:45,073 - INFO - The element show more was not found.
2024-05-05 22:00:45,683 - INFO - The element show more was not found.
2024-05-05 22:00:46,306 - INFO - The element show more was not found.
2024-05-05 22:00:46,967 - INFO - The element show more was not found.
